[35m[Appium][39m Welcome to Appium v1.22.3
[35m[Appium][39m Non-default server args:
[35m[Appium][39m   port: 63672
[35m[Appium][39m   loglevel: info
[35m[Appium][39m   tmpDir: C:\Users\SITIKH~1\AppData\Local\Temp\\Katalon\Appium\Temp1680699159388
[35m[Appium][39m   chromedriverPort: 63674
[35m[Appium][39m Deprecated server args:
[35m[Appium][39m   [31m--chromedriver-port[39m => --default-capabilities
[35m[Appium][39m Default capabilities, which will be added to each request unless overridden by desired capabilities:
[35m[Appium][39m   chromedriverPort: 63674
[35m[Appium][39m Appium REST http interface listener started on 0.0.0.0:63672
[35m[HTTP][39m [37m-->[39m [37mGET[39m [37m/wd/hub/status[39m
[35m[HTTP][39m [90m{}[39m
[35m[HTTP][39m [37m<-- GET /wd/hub/status [39m[32m200[39m [90m12 ms - 68[39m
[35m[HTTP][39m [90m[39m
[35m[HTTP][39m [37m-->[39m [37mGET[39m [37m/wd/hub/status[39m
[35m[HTTP][39m [90m{}[39m
[35m[HTTP][39m [37m<-- GET /wd/hub/status [39m[32m200[39m [90m2 ms - 68[39m
[35m[HTTP][39m [90m[39m
[35m[HTTP][39m [37m-->[39m [37mPOST[39m [37m/wd/hub/session[39m
[35m[HTTP][39m [90m{"desiredCapabilities":{"app":"E:\\Bootcamp QA Automation - Eduwork\\Testing With Katalon\\EduApp\\Mobile App\\Calculator_Mobile.apk","noReset":true,"newCommandTimeout":1800,"platformVersion":"Q","autoGrantPermissions":true,"platformName":"Android","udid":"emulator-5554","deviceName":"emulator-5554 (Android SDK built for x86 - Android Q)","fullReset":false,"platform":"ANDROID","systemPort":63683},"capabilities":{"firstMatch":[{"appium:app":"E:\\Bootcamp QA Automation - Eduwork\\Testing With Katalon\\EduApp\\Mobile App\\Calculator_Mobile.apk","appium:autoGrantPermissions":true,"appium:deviceName":"emulator-5554 (Android SDK built for x86 - Android Q)","appium:fullReset":false,"appium:newCommandTimeout":1800,"appium:noReset":true,"platform":"ANDROID","platformName":"android","appium:platformVersion":"Q","appium:systemPort":63683,"appium:udid":"emulator-5554"}]}}[39m
[35m[BaseDriver][39m The following capabilities are not standard capabilities and should have an extension prefix:
[35m[BaseDriver][39m   platform
[35m[BaseDriver][39m   chromedriverPort
[35m[Appium][39m 
[35m[Appium][39m ======================================================================
[35m[Appium][39m   DEPRECATION WARNING:
[35m[Appium][39m 
[35m[Appium][39m   The 'automationName' capability was not provided in the desired 
[35m[Appium][39m   capabilities for this Android session
[35m[Appium][39m 
[35m[Appium][39m   Setting 'automationName=UiAutomator2' by default and using the 
[35m[Appium][39m   UiAutomator2 Driver
[35m[Appium][39m 
[35m[Appium][39m   The next major version of Appium (2.x) will **require** the 
[35m[Appium][39m   'automationName' capability to be set for all sessions on all 
[35m[Appium][39m   platforms
[35m[Appium][39m 
[35m[Appium][39m   In previous versions (Appium <= 1.13.x), the default was 
[35m[Appium][39m   'automationName=UiAutomator1'
[35m[Appium][39m 
[35m[Appium][39m   If you wish to use that automation instead of UiAutomator2, please 
[35m[Appium][39m   add 'automationName=UiAutomator1' to your desired capabilities
[35m[Appium][39m 
[35m[Appium][39m   For more information about drivers, please visit 
[35m[Appium][39m   http://appium.io/docs/en/about-appium/intro/ and explore the 
[35m[Appium][39m   'Drivers' menu
[35m[Appium][39m 
[35m[Appium][39m ======================================================================
[35m[Appium][39m 
[35m[Appium][39m Appium v1.22.3 creating new AndroidUiautomator2Driver (v1.70.1) session
[35m[BaseDriver][39m The following capabilities were provided, but are not recognized by Appium:
[35m[BaseDriver][39m   platform
[35m[BaseDriver][39m Session created with session id: e482005c-eb54-4af0-94ad-867fd3750de0
[35m[BaseDriver][39m Using local app 'E:\Bootcamp QA Automation - Eduwork\Testing With Katalon\EduApp\Mobile App\Calculator_Mobile.apk'
[35m[ADB][39m Found 2 'build-tools' folders under 'C:\Users\Siti Khotimah\AppData\Local\Android\Sdk' (newest first):
[35m[ADB][39m     C:/Users/Siti Khotimah/AppData/Local/Android/Sdk/build-tools/28.0.3
[35m[ADB][39m     C:/Users/Siti Khotimah/AppData/Local/Android/Sdk/build-tools/27.0.3
[35m[ADB][39m Using 'adb.exe' from 'C:\Users\Siti Khotimah\AppData\Local\Android\Sdk\platform-tools\adb.exe'
[35m[AndroidDriver][39m Retrieving device list
[35m[AndroidDriver][39m Using device: emulator-5554
[35m[ADB][39m Using 'adb.exe' from 'C:\Users\Siti Khotimah\AppData\Local\Android\Sdk\platform-tools\adb.exe'
[35m[ADB][39m Getting device platform version
[35m[UiAutomator2][39m Relaxing hidden api policy
[35m[ADB][39m Package name: 'com.google.android.calculator'
[35m[ADB][39m Main activity name: 'com.android.calculator2.Calculator'
[35m[ADB][39m Using 'apksigner.jar' from 'C:\Users\Siti Khotimah\AppData\Local\Android\Sdk\build-tools\28.0.3\lib\apksigner.jar'
[35m[ADB][39m 'C:\Users\Siti Khotimah\AppData\Roaming\npm\node_modules\appium\node_modules\appium-uiautomator2-server\apks\appium-uiautomator2-server-v4.27.0.apk' is signed with the default certificate
[35m[ADB][39m 'C:\Users\Siti Khotimah\AppData\Roaming\npm\node_modules\appium\node_modules\appium-uiautomator2-server\apks\appium-uiautomator2-server-debug-androidTest.apk' is signed with the default certificate
[35m[UiAutomator2][39m Server packages are not going to be (re)installed
[35m[ADB][39m Adding packages ["io.appium.settings","io.appium.uiautomator2.server","io.appium.uiautomator2.server.test"] to Doze whitelist
[35m[ADB][39m 'E:\Bootcamp QA Automation - Eduwork\Testing With Katalon\EduApp\Mobile App\Calculator_Mobile.apk' is signed with the default certificate
[35m[ADB][39m The application at 'E:\Bootcamp QA Automation - Eduwork\Testing With Katalon\EduApp\Mobile App\Calculator_Mobile.apk' will not be cached, because the device under test has confirmed the support of streamed installs
[35m[ADB][39m The installation of 'Calculator_Mobile.apk' took 1448ms
[35m[UiAutomator2][39m Starting UIAutomator2 server 4.27.0
[35m[UiAutomator2][39m Using UIAutomator2 server from 'C:\Users\Siti Khotimah\AppData\Roaming\npm\node_modules\appium\node_modules\appium-uiautomator2-server\apks\appium-uiautomator2-server-v4.27.0.apk' and test from 'C:\Users\Siti Khotimah\AppData\Roaming\npm\node_modules\appium\node_modules\appium-uiautomator2-server\apks\appium-uiautomator2-server-debug-androidTest.apk'
[35m[UiAutomator2][39m Waiting up to 30000ms for UiAutomator2 to be online...
[35m[WD Proxy][39m socket hang up
[35m[WD Proxy][39m socket hang up
[35m[WD Proxy][39m socket hang up
[35m[WD Proxy][39m Determined the downstream protocol as 'W3C'
[35m[AndroidDriver][39m Screen already unlocked, doing nothing
[35m[UiAutomator2][39m Starting 'com.google.android.calculator/com.android.calculator2.Calculator and waiting for 'com.google.android.calculator/com.android.calculator2.Calculator'
[35m[Appium][39m New AndroidUiautomator2Driver session created successfully, session e482005c-eb54-4af0-94ad-867fd3750de0 added to master session list
[35m[HTTP][39m [37m<-- POST /wd/hub/session [39m[32m200[39m [90m10901 ms - 1350[39m
[35m[HTTP][39m [90m[39m
[35m[HTTP][39m [37m-->[39m [37mGET[39m [37m/wd/hub/session/e482005c-eb54-4af0-94ad-867fd3750de0[39m
[35m[HTTP][39m [90m{}[39m
[35m[HTTP][39m [37m<-- GET /wd/hub/session/e482005c-eb54-4af0-94ad-867fd3750de0 [39m[32m200[39m [90m12 ms - 1304[39m
[35m[HTTP][39m [90m[39m
[35m[HTTP][39m [37m-->[39m [37mGET[39m [37m/wd/hub/session/e482005c-eb54-4af0-94ad-867fd3750de0[39m
[35m[HTTP][39m [90m{}[39m
[35m[HTTP][39m [37m<-- GET /wd/hub/session/e482005c-eb54-4af0-94ad-867fd3750de0 [39m[32m200[39m [90m10 ms - 1304[39m
[35m[HTTP][39m [90m[39m
[35m[HTTP][39m [37m-->[39m [37mGET[39m [37m/wd/hub/status[39m
[35m[HTTP][39m [90m{}[39m
[35m[HTTP][39m [37m<-- GET /wd/hub/status [39m[32m200[39m [90m1 ms - 68[39m
[35m[HTTP][39m [90m[39m
[35m[HTTP][39m [37m-->[39m [37mPOST[39m [37m/wd/hub/session/e482005c-eb54-4af0-94ad-867fd3750de0/timeouts[39m
[35m[HTTP][39m [90m{"implicit":60000}[39m
[35m[HTTP][39m [37m<-- POST /wd/hub/session/e482005c-eb54-4af0-94ad-867fd3750de0/timeouts [39m[32m200[39m [90m5 ms - 14[39m
[35m[HTTP][39m [90m[39m
[35m[HTTP][39m [37m-->[39m [37mGET[39m [37m/wd/hub/session/e482005c-eb54-4af0-94ad-867fd3750de0/source[39m
[35m[HTTP][39m [90m{}[39m
[35m[W3C (e482005c)][39m Driver proxy active, passing request on via HTTP proxy
[35m[WD Proxy][39m Replacing sessionId ce73f796-06a6-42b0-8d9e-97473afbacaa with e482005c-eb54-4af0-94ad-867fd3750de0
[35m[HTTP][39m [37m<-- GET /wd/hub/session/e482005c-eb54-4af0-94ad-867fd3750de0/source [39m[32m200[39m [90m1598 ms - 19692[39m
[35m[HTTP][39m [90m[39m
[35m[HTTP][39m [37m-->[39m [37mGET[39m [37m/wd/hub/session/e482005c-eb54-4af0-94ad-867fd3750de0/screenshot[39m
[35m[HTTP][39m [90m{}[39m
[35m[HTTP][39m [37m<-- GET /wd/hub/session/e482005c-eb54-4af0-94ad-867fd3750de0/screenshot [39m[32m200[39m [90m543 ms - 145852[39m
[35m[HTTP][39m [90m[39m
[35m[HTTP][39m [37m-->[39m [37mPOST[39m [37m/wd/hub/session/e482005c-eb54-4af0-94ad-867fd3750de0/elements[39m
[35m[HTTP][39m [90m{"using":"xpath","value":"//*[@class = 'android.widget.Button' and (@text = '4' or . = '4') and @resource-id = 'com.google.android.calculator:id/digit_4']"}[39m
[35m[HTTP][39m [37m<-- POST /wd/hub/session/e482005c-eb54-4af0-94ad-867fd3750de0/elements [39m[32m200[39m [90m1002 ms - 139[39m
[35m[HTTP][39m [90m[39m
[35m[HTTP][39m [37m-->[39m [37mGET[39m [37m/wd/hub/session/e482005c-eb54-4af0-94ad-867fd3750de0/source[39m
[35m[HTTP][39m [90m{}[39m
[35m[W3C (e482005c)][39m Driver proxy active, passing request on via HTTP proxy
[35m[WD Proxy][39m Replacing sessionId ce73f796-06a6-42b0-8d9e-97473afbacaa with e482005c-eb54-4af0-94ad-867fd3750de0
[35m[HTTP][39m [37m<-- GET /wd/hub/session/e482005c-eb54-4af0-94ad-867fd3750de0/source [39m[32m200[39m [90m211 ms - 19665[39m
[35m[HTTP][39m [90m[39m
[35m[HTTP][39m [37m-->[39m [37mGET[39m [37m/wd/hub/session/e482005c-eb54-4af0-94ad-867fd3750de0/screenshot[39m
[35m[HTTP][39m [90m{}[39m
[35m[HTTP][39m [37m<-- GET /wd/hub/session/e482005c-eb54-4af0-94ad-867fd3750de0/screenshot [39m[32m200[39m [90m345 ms - 142108[39m
[35m[HTTP][39m [90m[39m
[35m[HTTP][39m [37m-->[39m [37mPOST[39m [37m/wd/hub/session/e482005c-eb54-4af0-94ad-867fd3750de0/elements[39m
[35m[HTTP][39m [90m{"using":"xpath","value":"//*[@class = 'android.widget.Button' and (@text = '+' or . = '+') and @resource-id = 'com.google.android.calculator:id/op_add']"}[39m
[35m[HTTP][39m [37m<-- POST /wd/hub/session/e482005c-eb54-4af0-94ad-867fd3750de0/elements [39m[32m200[39m [90m162 ms - 139[39m
[35m[HTTP][39m [90m[39m
[35m[HTTP][39m [37m-->[39m [37mGET[39m [37m/wd/hub/session/e482005c-eb54-4af0-94ad-867fd3750de0/source[39m
[35m[HTTP][39m [90m{}[39m
[35m[W3C (e482005c)][39m Driver proxy active, passing request on via HTTP proxy
[35m[WD Proxy][39m Replacing sessionId ce73f796-06a6-42b0-8d9e-97473afbacaa with e482005c-eb54-4af0-94ad-867fd3750de0
[35m[HTTP][39m [37m<-- GET /wd/hub/session/e482005c-eb54-4af0-94ad-867fd3750de0/source [39m[32m200[39m [90m193 ms - 19666[39m
[35m[HTTP][39m [90m[39m
[35m[HTTP][39m [37m-->[39m [37mGET[39m [37m/wd/hub/session/e482005c-eb54-4af0-94ad-867fd3750de0/screenshot[39m
[35m[HTTP][39m [90m{}[39m
[35m[HTTP][39m [37m<-- GET /wd/hub/session/e482005c-eb54-4af0-94ad-867fd3750de0/screenshot [39m[32m200[39m [90m1130 ms - 142236[39m
[35m[HTTP][39m [90m[39m
[35m[HTTP][39m [37m-->[39m [37mPOST[39m [37m/wd/hub/session/e482005c-eb54-4af0-94ad-867fd3750de0/elements[39m
[35m[HTTP][39m [90m{"using":"xpath","value":"//*[@class = 'android.widget.Button' and (@text = '5' or . = '5') and @resource-id = 'com.google.android.calculator:id/digit_5']"}[39m
[35m[HTTP][39m [37m<-- POST /wd/hub/session/e482005c-eb54-4af0-94ad-867fd3750de0/elements [39m[32m200[39m [90m154 ms - 139[39m
[35m[HTTP][39m [90m[39m
[35m[HTTP][39m [37m-->[39m [37mGET[39m [37m/wd/hub/session/e482005c-eb54-4af0-94ad-867fd3750de0/source[39m
[35m[HTTP][39m [90m{}[39m
[35m[W3C (e482005c)][39m Driver proxy active, passing request on via HTTP proxy
[35m[WD Proxy][39m Replacing sessionId ce73f796-06a6-42b0-8d9e-97473afbacaa with e482005c-eb54-4af0-94ad-867fd3750de0
[35m[HTTP][39m [37m<-- GET /wd/hub/session/e482005c-eb54-4af0-94ad-867fd3750de0/source [39m[32m200[39m [90m169 ms - 19640[39m
[35m[HTTP][39m [90m[39m
[35m[HTTP][39m [37m-->[39m [37mGET[39m [37m/wd/hub/session/e482005c-eb54-4af0-94ad-867fd3750de0/screenshot[39m
[35m[HTTP][39m [90m{}[39m
[35m[HTTP][39m [37m<-- GET /wd/hub/session/e482005c-eb54-4af0-94ad-867fd3750de0/screenshot [39m[32m200[39m [90m358 ms - 152076[39m
[35m[HTTP][39m [90m[39m
[35m[HTTP][39m [37m-->[39m [37mPOST[39m [37m/wd/hub/session/e482005c-eb54-4af0-94ad-867fd3750de0/elements[39m
[35m[HTTP][39m [90m{"using":"xpath","value":"//*[@class = 'android.widget.Button' and (@text = '=' or . = '=') and @resource-id = 'com.google.android.calculator:id/eq']"}[39m
[35m[HTTP][39m [37m<-- POST /wd/hub/session/e482005c-eb54-4af0-94ad-867fd3750de0/elements [39m[32m200[39m [90m146 ms - 139[39m
[35m[HTTP][39m [90m[39m
[35m[HTTP][39m [37m-->[39m [37mGET[39m [37m/wd/hub/session/e482005c-eb54-4af0-94ad-867fd3750de0/source[39m
[35m[HTTP][39m [90m{}[39m
[35m[W3C (e482005c)][39m Driver proxy active, passing request on via HTTP proxy
[35m[WD Proxy][39m Replacing sessionId ce73f796-06a6-42b0-8d9e-97473afbacaa with e482005c-eb54-4af0-94ad-867fd3750de0
[35m[HTTP][39m [37m<-- GET /wd/hub/session/e482005c-eb54-4af0-94ad-867fd3750de0/source [39m[32m200[39m [90m141 ms - 18598[39m
[35m[HTTP][39m [90m[39m
[35m[HTTP][39m [37m-->[39m [37mGET[39m [37m/wd/hub/session/e482005c-eb54-4af0-94ad-867fd3750de0/screenshot[39m
[35m[HTTP][39m [90m{}[39m
[35m[HTTP][39m [37m<-- GET /wd/hub/session/e482005c-eb54-4af0-94ad-867fd3750de0/screenshot [39m[32m200[39m [90m403 ms - 145848[39m
[35m[HTTP][39m [90m[39m
[35m[HTTP][39m [37m-->[39m [37mPOST[39m [37m/wd/hub/session/e482005c-eb54-4af0-94ad-867fd3750de0/elements[39m
[35m[HTTP][39m [90m{"using":"xpath","value":"//*[@class = 'android.widget.Button' and (@text = '2' or . = '2') and @resource-id = 'com.google.android.calculator:id/digit_2']"}[39m
[35m[HTTP][39m [37m<-- POST /wd/hub/session/e482005c-eb54-4af0-94ad-867fd3750de0/elements [39m[32m200[39m [90m87 ms - 139[39m
[35m[HTTP][39m [90m[39m
[35m[HTTP][39m [37m-->[39m [37mGET[39m [37m/wd/hub/session/e482005c-eb54-4af0-94ad-867fd3750de0/source[39m
[35m[HTTP][39m [90m{}[39m
[35m[W3C (e482005c)][39m Driver proxy active, passing request on via HTTP proxy
[35m[WD Proxy][39m Replacing sessionId ce73f796-06a6-42b0-8d9e-97473afbacaa with e482005c-eb54-4af0-94ad-867fd3750de0
[35m[HTTP][39m [37m<-- GET /wd/hub/session/e482005c-eb54-4af0-94ad-867fd3750de0/source [39m[32m200[39m [90m187 ms - 19665[39m
[35m[HTTP][39m [90m[39m
[35m[HTTP][39m [37m-->[39m [37mGET[39m [37m/wd/hub/session/e482005c-eb54-4af0-94ad-867fd3750de0/screenshot[39m
[35m[HTTP][39m [90m{}[39m
[35m[HTTP][39m [37m<-- GET /wd/hub/session/e482005c-eb54-4af0-94ad-867fd3750de0/screenshot [39m[32m200[39m [90m362 ms - 143702[39m
[35m[HTTP][39m [90m[39m
[35m[HTTP][39m [37m-->[39m [37mGET[39m [37m/wd/hub/session/e482005c-eb54-4af0-94ad-867fd3750de0/source[39m
[35m[HTTP][39m [90m{}[39m
[35m[W3C (e482005c)][39m Driver proxy active, passing request on via HTTP proxy
[35m[WD Proxy][39m Replacing sessionId ce73f796-06a6-42b0-8d9e-97473afbacaa with e482005c-eb54-4af0-94ad-867fd3750de0
[35m[HTTP][39m [37m<-- GET /wd/hub/session/e482005c-eb54-4af0-94ad-867fd3750de0/source [39m[32m200[39m [90m172 ms - 19665[39m
[35m[HTTP][39m [90m[39m
[35m[HTTP][39m [37m-->[39m [37mGET[39m [37m/wd/hub/session/e482005c-eb54-4af0-94ad-867fd3750de0/screenshot[39m
[35m[HTTP][39m [90m{}[39m
[35m[HTTP][39m [37m<-- GET /wd/hub/session/e482005c-eb54-4af0-94ad-867fd3750de0/screenshot [39m[32m200[39m [90m353 ms - 147130[39m
[35m[HTTP][39m [90m[39m
[35m[HTTP][39m [37m-->[39m [37mPOST[39m [37m/wd/hub/session/e482005c-eb54-4af0-94ad-867fd3750de0/elements[39m
[35m[HTTP][39m [90m{"using":"xpath","value":"//*[@class = 'android.widget.Button' and (@text = 'AC' or . = 'AC') and @resource-id = 'com.google.android.calculator:id/clr']"}[39m
[35m[HTTP][39m [37m<-- POST /wd/hub/session/e482005c-eb54-4af0-94ad-867fd3750de0/elements [39m[32m200[39m [90m87 ms - 139[39m
[35m[HTTP][39m [90m[39m
[35m[HTTP][39m [37m-->[39m [37mGET[39m [37m/wd/hub/session/e482005c-eb54-4af0-94ad-867fd3750de0/source[39m
[35m[HTTP][39m [90m{}[39m
[35m[W3C (e482005c)][39m Driver proxy active, passing request on via HTTP proxy
[35m[WD Proxy][39m Replacing sessionId ce73f796-06a6-42b0-8d9e-97473afbacaa with e482005c-eb54-4af0-94ad-867fd3750de0
[35m[HTTP][39m [37m<-- GET /wd/hub/session/e482005c-eb54-4af0-94ad-867fd3750de0/source [39m[32m200[39m [90m161 ms - 19692[39m
[35m[HTTP][39m [90m[39m
[35m[HTTP][39m [37m-->[39m [37mGET[39m [37m/wd/hub/session/e482005c-eb54-4af0-94ad-867fd3750de0/screenshot[39m
[35m[HTTP][39m [90m{}[39m
[35m[HTTP][39m [37m<-- GET /wd/hub/session/e482005c-eb54-4af0-94ad-867fd3750de0/screenshot [39m[32m200[39m [90m388 ms - 139156[39m
[35m[HTTP][39m [90m[39m
[35m[HTTP][39m [37m-->[39m [37mPOST[39m [37m/wd/hub/session/e482005c-eb54-4af0-94ad-867fd3750de0/elements[39m
[35m[HTTP][39m [90m{"using":"xpath","value":"//*[@class = 'android.widget.Button' and (@text = '2' or . = '2') and @resource-id = 'com.google.android.calculator:id/digit_2']"}[39m
[35m[HTTP][39m [37m<-- POST /wd/hub/session/e482005c-eb54-4af0-94ad-867fd3750de0/elements [39m[32m200[39m [90m78 ms - 139[39m
[35m[HTTP][39m [90m[39m
[35m[HTTP][39m [37m-->[39m [37mGET[39m [37m/wd/hub/session/e482005c-eb54-4af0-94ad-867fd3750de0/source[39m
[35m[HTTP][39m [90m{}[39m
[35m[W3C (e482005c)][39m Driver proxy active, passing request on via HTTP proxy
[35m[WD Proxy][39m Replacing sessionId ce73f796-06a6-42b0-8d9e-97473afbacaa with e482005c-eb54-4af0-94ad-867fd3750de0
[35m[HTTP][39m [37m<-- GET /wd/hub/session/e482005c-eb54-4af0-94ad-867fd3750de0/source [39m[32m200[39m [90m175 ms - 19665[39m
[35m[HTTP][39m [90m[39m
[35m[HTTP][39m [37m-->[39m [37mGET[39m [37m/wd/hub/session/e482005c-eb54-4af0-94ad-867fd3750de0/screenshot[39m
[35m[HTTP][39m [90m{}[39m
[35m[HTTP][39m [37m<-- GET /wd/hub/session/e482005c-eb54-4af0-94ad-867fd3750de0/screenshot [39m[32m200[39m [90m382 ms - 144936[39m
[35m[HTTP][39m [90m[39m
[35m[HTTP][39m [37m-->[39m [37mPOST[39m [37m/wd/hub/session/e482005c-eb54-4af0-94ad-867fd3750de0/elements[39m
[35m[HTTP][39m [90m{"using":"xpath","value":"//*[@class = 'android.widget.Button' and (@text = '−' or . = '−') and @resource-id = 'com.google.android.calculator:id/op_sub']"}[39m
[35m[HTTP][39m [37m<-- POST /wd/hub/session/e482005c-eb54-4af0-94ad-867fd3750de0/elements [39m[32m200[39m [90m79 ms - 139[39m
[35m[HTTP][39m [90m[39m
[35m[HTTP][39m [37m-->[39m [37mGET[39m [37m/wd/hub/session/e482005c-eb54-4af0-94ad-867fd3750de0/source[39m
[35m[HTTP][39m [90m{}[39m
[35m[W3C (e482005c)][39m Driver proxy active, passing request on via HTTP proxy
[35m[WD Proxy][39m Replacing sessionId ce73f796-06a6-42b0-8d9e-97473afbacaa with e482005c-eb54-4af0-94ad-867fd3750de0
[35m[HTTP][39m [37m<-- GET /wd/hub/session/e482005c-eb54-4af0-94ad-867fd3750de0/source [39m[32m200[39m [90m211 ms - 19668[39m
[35m[HTTP][39m [90m[39m
[35m[HTTP][39m [37m-->[39m [37mGET[39m [37m/wd/hub/session/e482005c-eb54-4af0-94ad-867fd3750de0/screenshot[39m
[35m[HTTP][39m [90m{}[39m
[35m[HTTP][39m [37m<-- GET /wd/hub/session/e482005c-eb54-4af0-94ad-867fd3750de0/screenshot [39m[32m200[39m [90m362 ms - 145032[39m
[35m[HTTP][39m [90m[39m
[35m[HTTP][39m [37m-->[39m [37mPOST[39m [37m/wd/hub/session/e482005c-eb54-4af0-94ad-867fd3750de0/elements[39m
[35m[HTTP][39m [90m{"using":"xpath","value":"//*[@class = 'android.widget.Button' and (@text = '1' or . = '1') and @resource-id = 'com.google.android.calculator:id/digit_1']"}[39m
[35m[HTTP][39m [37m<-- POST /wd/hub/session/e482005c-eb54-4af0-94ad-867fd3750de0/elements [39m[32m200[39m [90m81 ms - 139[39m
[35m[HTTP][39m [90m[39m
[35m[HTTP][39m [37m-->[39m [37mGET[39m [37m/wd/hub/session/e482005c-eb54-4af0-94ad-867fd3750de0/source[39m
[35m[HTTP][39m [90m{}[39m
[35m[W3C (e482005c)][39m Driver proxy active, passing request on via HTTP proxy
[35m[WD Proxy][39m Replacing sessionId ce73f796-06a6-42b0-8d9e-97473afbacaa with e482005c-eb54-4af0-94ad-867fd3750de0
[35m[HTTP][39m [37m<-- GET /wd/hub/session/e482005c-eb54-4af0-94ad-867fd3750de0/source [39m[32m200[39m [90m257 ms - 18598[39m
[35m[HTTP][39m [90m[39m
[35m[HTTP][39m [37m-->[39m [37mGET[39m [37m/wd/hub/session/e482005c-eb54-4af0-94ad-867fd3750de0/screenshot[39m
[35m[HTTP][39m [90m{}[39m
[35m[HTTP][39m [37m<-- GET /wd/hub/session/e482005c-eb54-4af0-94ad-867fd3750de0/screenshot [39m[32m200[39m [90m392 ms - 138952[39m
[35m[HTTP][39m [90m[39m
[35m[HTTP][39m [37m-->[39m [37mDELETE[39m [37m/wd/hub/session/e482005c-eb54-4af0-94ad-867fd3750de0[39m
[35m[HTTP][39m [90m{}[39m
[35m[Appium][39m Removing session e482005c-eb54-4af0-94ad-867fd3750de0 from our master session list
[35m[UiAutomator2][39m Restoring hidden api policy to the device default configuration
[35m[HTTP][39m [37m<-- DELETE /wd/hub/session/e482005c-eb54-4af0-94ad-867fd3750de0 [39m[32m200[39m [90m451 ms - 14[39m
[35m[HTTP][39m [90m[39m
